
Fri May 16 10:01:32 SAMT 2025 [Received] [Nail] Nail присоединился к чату!
Fri May 16 10:01:54 SAMT 2025 [Sent] 
Fri May 16 10:01:54 SAMT 2025 [Received] [Nail] 
Fri May 16 10:02:00 SAMT 2025 [Sent] Hello
Fri May 16 10:02:00 SAMT 2025 [Received] [Nail] Hello
Fri May 16 11:17:27 SAMT 2025 [Received] [poi] poi присоединился к чату!
Fri May 16 11:17:34 SAMT 2025 [Sent] hello
Fri May 16 11:17:34 SAMT 2025 [Received] [poi] hello
Sun May 18 15:59:05 SAMT 2025 [Received] [Наиль] Наиль присоединился к чату!
Sun May 18 15:59:08 SAMT 2025 [Sent] привет
Sun May 18 15:59:08 SAMT 2025 [Received] [Наиль] привет
Sun May 18 16:08:13 SAMT 2025 [Received] [Nail] Nail присоединился к чату!
Sun May 18 16:08:25 SAMT 2025 [Sent] Hello rth
Sun May 18 16:08:25 SAMT 2025 [Received] [Nail] Hello rth
Sun May 18 16:38:08 SAMT 2025 [Received] [NailJan] NailJan присоединился к чату!
Sun May 18 16:38:19 SAMT 2025 [Sent] Hello Jimbo
Sun May 18 16:38:19 SAMT 2025 [Received] [NailJan] Hello Jimbo
Sun May 18 16:40:18 SAMT 2025 [Received] [null] null присоединился к чату!
Sun May 18 16:40:18 SAMT 2025 [Received] [null] null покинул чат.
Mon May 19 14:10:01 SAMT 2025 [Received] [йзцщ] йзцщ присоединился к чату!
Mon May 19 14:10:07 SAMT 2025 [Sent] проамт
Mon May 19 14:10:07 SAMT 2025 [Received] [йзцщ] проамт
